{"/Users/romany.sefen/Desktop/DEV/AWS/react-with-amplify-cognito/src/components/auth/Logout.tsx": {"path":"/Users/romany.sefen/Desktop/DEV/AWS/react-with-amplify-cognito/src/components/auth/Logout.tsx","all":false,"statementMap":{"0":{"start":{"line":1,"column":0},"end":{"line":1,"column":43}},"1":{"start":{"line":2,"column":0},"end":{"line":2,"column":26}},"2":{"start":{"line":3,"column":0},"end":{"line":3,"column":19}},"3":{"start":{"line":4,"column":0},"end":{"line":4,"column":36}},"4":{"start":{"line":5,"column":0},"end":{"line":5,"column":19}},"5":{"start":{"line":6,"column":0},"end":{"line":6,"column":19}},"6":{"start":{"line":7,"column":0},"end":{"line":7,"column":7}},"7":{"start":{"line":8,"column":0},"end":{"line":8,"column":31}},"8":{"start":{"line":9,"column":0},"end":{"line":9,"column":4}},"9":{"start":{"line":10,"column":0},"end":{"line":10,"column":0}},"10":{"start":{"line":11,"column":0},"end":{"line":11,"column":10}},"11":{"start":{"line":12,"column":0},"end":{"line":12,"column":9}},"12":{"start":{"line":13,"column":0},"end":{"line":13,"column":72}},"13":{"start":{"line":14,"column":0},"end":{"line":14,"column":14}},"14":{"start":{"line":15,"column":0},"end":{"line":15,"column":15}},"15":{"start":{"line":16,"column":0},"end":{"line":16,"column":10}},"16":{"start":{"line":17,"column":0},"end":{"line":17,"column":4}},"17":{"start":{"line":18,"column":0},"end":{"line":18,"column":1}},"18":{"start":{"line":19,"column":0},"end":{"line":19,"column":0}},"19":{"start":{"line":20,"column":0},"end":{"line":20,"column":22}}},"s":{"0":1,"1":0,"2":1,"3":1,"4":1,"5":1,"6":1,"7":1,"8":1,"9":1,"10":1,"11":1,"12":1,"13":1,"14":1,"15":1,"16":1,"17":1,"18":1,"19":1},"branchMap":{"0":{"type":"branch","line":2,"loc":{"start":{"line":2,"column":0},"end":{"line":2,"column":26}},"locations":[{"start":{"line":2,"column":0},"end":{"line":2,"column":26}}]},"1":{"type":"branch","line":2,"loc":{"start":{"line":2,"column":0},"end":{"line":2,"column":26}},"locations":[{"start":{"line":2,"column":0},"end":{"line":2,"column":26}}]},"2":{"type":"branch","line":2,"loc":{"start":{"line":2,"column":0},"end":{"line":2,"column":26}},"locations":[{"start":{"line":2,"column":0},"end":{"line":2,"column":26}}]},"3":{"type":"branch","line":2,"loc":{"start":{"line":2,"column":0},"end":{"line":2,"column":26}},"locations":[{"start":{"line":2,"column":0},"end":{"line":2,"column":26}}]},"4":{"type":"branch","line":2,"loc":{"start":{"line":2,"column":0},"end":{"line":2,"column":26}},"locations":[{"start":{"line":2,"column":0},"end":{"line":2,"column":26}}]},"5":{"type":"branch","line":2,"loc":{"start":{"line":2,"column":0},"end":{"line":2,"column":26}},"locations":[{"start":{"line":2,"column":0},"end":{"line":2,"column":26}}]},"6":{"type":"branch","line":2,"loc":{"start":{"line":2,"column":0},"end":{"line":2,"column":26}},"locations":[{"start":{"line":2,"column":0},"end":{"line":2,"column":26}}]},"7":{"type":"branch","line":2,"loc":{"start":{"line":2,"column":0},"end":{"line":2,"column":26}},"locations":[{"start":{"line":2,"column":0},"end":{"line":2,"column":26}}]},"8":{"type":"branch","line":2,"loc":{"start":{"line":2,"column":0},"end":{"line":2,"column":26}},"locations":[{"start":{"line":2,"column":0},"end":{"line":2,"column":26}}]},"9":{"type":"branch","line":2,"loc":{"start":{"line":2,"column":0},"end":{"line":2,"column":26}},"locations":[{"start":{"line":2,"column":0},"end":{"line":2,"column":26}}]},"10":{"type":"branch","line":2,"loc":{"start":{"line":2,"column":0},"end":{"line":2,"column":26}},"locations":[{"start":{"line":2,"column":0},"end":{"line":2,"column":26}}]},"11":{"type":"branch","line":2,"loc":{"start":{"line":2,"column":0},"end":{"line":2,"column":26}},"locations":[{"start":{"line":2,"column":0},"end":{"line":2,"column":26}}]},"12":{"type":"branch","line":2,"loc":{"start":{"line":2,"column":0},"end":{"line":2,"column":26}},"locations":[{"start":{"line":2,"column":0},"end":{"line":2,"column":26}}]},"13":{"type":"branch","line":2,"loc":{"start":{"line":2,"column":0},"end":{"line":2,"column":26}},"locations":[{"start":{"line":2,"column":0},"end":{"line":2,"column":26}}]},"14":{"type":"branch","line":2,"loc":{"start":{"line":2,"column":0},"end":{"line":2,"column":26}},"locations":[{"start":{"line":2,"column":0},"end":{"line":2,"column":26}}]},"15":{"type":"branch","line":2,"loc":{"start":{"line":2,"column":0},"end":{"line":2,"column":26}},"locations":[{"start":{"line":2,"column":0},"end":{"line":2,"column":26}}]},"16":{"type":"branch","line":2,"loc":{"start":{"line":2,"column":0},"end":{"line":2,"column":26}},"locations":[{"start":{"line":2,"column":0},"end":{"line":2,"column":26}}]},"17":{"type":"branch","line":2,"loc":{"start":{"line":2,"column":0},"end":{"line":2,"column":26}},"locations":[{"start":{"line":2,"column":0},"end":{"line":2,"column":26}}]},"18":{"type":"branch","line":2,"loc":{"start":{"line":2,"column":0},"end":{"line":2,"column":26}},"locations":[{"start":{"line":2,"column":0},"end":{"line":2,"column":26}}]},"19":{"type":"branch","line":2,"loc":{"start":{"line":2,"column":0},"end":{"line":2,"column":26}},"locations":[{"start":{"line":2,"column":0},"end":{"line":2,"column":26}}]},"20":{"type":"branch","line":2,"loc":{"start":{"line":2,"column":0},"end":{"line":2,"column":26}},"locations":[{"start":{"line":2,"column":0},"end":{"line":2,"column":26}}]},"21":{"type":"branch","line":2,"loc":{"start":{"line":2,"column":0},"end":{"line":2,"column":26}},"locations":[{"start":{"line":2,"column":0},"end":{"line":2,"column":26}}]},"22":{"type":"branch","line":2,"loc":{"start":{"line":2,"column":0},"end":{"line":2,"column":26}},"locations":[{"start":{"line":2,"column":0},"end":{"line":2,"column":26}}]},"23":{"type":"branch","line":2,"loc":{"start":{"line":2,"column":0},"end":{"line":2,"column":26}},"locations":[{"start":{"line":2,"column":0},"end":{"line":2,"column":26}}]},"24":{"type":"branch","line":2,"loc":{"start":{"line":2,"column":0},"end":{"line":2,"column":26}},"locations":[{"start":{"line":2,"column":0},"end":{"line":2,"column":26}}]},"25":{"type":"branch","line":2,"loc":{"start":{"line":2,"column":0},"end":{"line":2,"column":26}},"locations":[{"start":{"line":2,"column":0},"end":{"line":2,"column":26}}]},"26":{"type":"branch","line":2,"loc":{"start":{"line":2,"column":0},"end":{"line":2,"column":26}},"locations":[{"start":{"line":2,"column":0},"end":{"line":2,"column":26}}]},"27":{"type":"branch","line":2,"loc":{"start":{"line":2,"column":0},"end":{"line":2,"column":26}},"locations":[{"start":{"line":2,"column":0},"end":{"line":2,"column":26}}]},"28":{"type":"branch","line":2,"loc":{"start":{"line":2,"column":0},"end":{"line":2,"column":26}},"locations":[{"start":{"line":2,"column":0},"end":{"line":2,"column":26}}]},"29":{"type":"branch","line":2,"loc":{"start":{"line":2,"column":0},"end":{"line":2,"column":26}},"locations":[{"start":{"line":2,"column":0},"end":{"line":2,"column":26}}]},"30":{"type":"branch","line":2,"loc":{"start":{"line":2,"column":0},"end":{"line":2,"column":26}},"locations":[{"start":{"line":2,"column":0},"end":{"line":2,"column":26}}]},"31":{"type":"branch","line":2,"loc":{"start":{"line":2,"column":0},"end":{"line":2,"column":26}},"locations":[{"start":{"line":2,"column":0},"end":{"line":2,"column":26}}]},"32":{"type":"branch","line":2,"loc":{"start":{"line":2,"column":0},"end":{"line":2,"column":26}},"locations":[{"start":{"line":2,"column":0},"end":{"line":2,"column":26}}]},"33":{"type":"branch","line":2,"loc":{"start":{"line":2,"column":0},"end":{"line":2,"column":26}},"locations":[{"start":{"line":2,"column":0},"end":{"line":2,"column":26}}]},"34":{"type":"branch","line":2,"loc":{"start":{"line":2,"column":0},"end":{"line":2,"column":26}},"locations":[{"start":{"line":2,"column":0},"end":{"line":2,"column":26}}]},"35":{"type":"branch","line":2,"loc":{"start":{"line":2,"column":0},"end":{"line":2,"column":26}},"locations":[{"start":{"line":2,"column":0},"end":{"line":2,"column":26}}]},"36":{"type":"branch","line":2,"loc":{"start":{"line":2,"column":0},"end":{"line":2,"column":26}},"locations":[{"start":{"line":2,"column":0},"end":{"line":2,"column":26}}]},"37":{"type":"branch","line":2,"loc":{"start":{"line":2,"column":0},"end":{"line":2,"column":26}},"locations":[{"start":{"line":2,"column":0},"end":{"line":2,"column":26}}]},"38":{"type":"branch","line":2,"loc":{"start":{"line":2,"column":0},"end":{"line":2,"column":26}},"locations":[{"start":{"line":2,"column":0},"end":{"line":2,"column":26}}]},"39":{"type":"branch","line":2,"loc":{"start":{"line":2,"column":0},"end":{"line":2,"column":26}},"locations":[{"start":{"line":2,"column":0},"end":{"line":2,"column":26}}]},"40":{"type":"branch","line":2,"loc":{"start":{"line":2,"column":0},"end":{"line":2,"column":26}},"locations":[{"start":{"line":2,"column":0},"end":{"line":2,"column":26}}]},"41":{"type":"branch","line":2,"loc":{"start":{"line":2,"column":0},"end":{"line":2,"column":26}},"locations":[{"start":{"line":2,"column":0},"end":{"line":2,"column":26}}]},"42":{"type":"branch","line":2,"loc":{"start":{"line":2,"column":0},"end":{"line":2,"column":26}},"locations":[{"start":{"line":2,"column":0},"end":{"line":2,"column":26}}]},"43":{"type":"branch","line":2,"loc":{"start":{"line":2,"column":0},"end":{"line":2,"column":26}},"locations":[{"start":{"line":2,"column":0},"end":{"line":2,"column":26}}]},"44":{"type":"branch","line":2,"loc":{"start":{"line":2,"column":0},"end":{"line":2,"column":26}},"locations":[{"start":{"line":2,"column":0},"end":{"line":2,"column":26}}]},"45":{"type":"branch","line":3,"loc":{"start":{"line":3,"column":0},"end":{"line":18,"column":1}},"locations":[{"start":{"line":3,"column":0},"end":{"line":18,"column":1}}]},"46":{"type":"branch","line":4,"loc":{"start":{"line":4,"column":20},"end":{"line":4,"column":23}},"locations":[{"start":{"line":4,"column":20},"end":{"line":4,"column":23}}]},"47":{"type":"branch","line":4,"loc":{"start":{"line":4,"column":23},"end":{"line":8,"column":31}},"locations":[{"start":{"line":4,"column":23},"end":{"line":8,"column":31}}]},"48":{"type":"branch","line":4,"loc":{"start":{"line":4,"column":23},"end":{"line":8,"column":31}},"locations":[{"start":{"line":4,"column":23},"end":{"line":8,"column":31}}]},"49":{"type":"branch","line":4,"loc":{"start":{"line":4,"column":23},"end":{"line":7,"column":7}},"locations":[{"start":{"line":4,"column":23},"end":{"line":7,"column":7}}]},"50":{"type":"branch","line":7,"loc":{"start":{"line":7,"column":6},"end":{"line":8,"column":31}},"locations":[{"start":{"line":7,"column":6},"end":{"line":8,"column":31}}]}},"b":{"0":[0],"1":[0],"2":[0],"3":[0],"4":[0],"5":[0],"6":[1],"7":[13],"8":[1],"9":[0],"10":[2],"11":[0],"12":[2],"13":[6],"14":[2],"15":[1],"16":[2],"17":[0],"18":[0],"19":[0],"20":[0],"21":[1],"22":[1],"23":[0],"24":[0],"25":[1],"26":[1],"27":[1],"28":[0],"29":[0],"30":[0],"31":[1],"32":[0],"33":[1],"34":[0],"35":[1],"36":[0],"37":[2],"38":[0],"39":[1],"40":[1],"41":[1],"42":[1],"43":[1],"44":[2],"45":[1],"46":[1],"47":[1],"48":[2],"49":[1],"50":[1]},"fnMap":{"0":{"name":"_regeneratorRuntime","decl":{"start":{"line":2,"column":0},"end":{"line":2,"column":26}},"loc":{"start":{"line":2,"column":0},"end":{"line":2,"column":26}},"line":2},"1":{"name":"o","decl":{"start":{"line":2,"column":0},"end":{"line":2,"column":26}},"loc":{"start":{"line":2,"column":0},"end":{"line":2,"column":26}},"line":2},"2":{"name":"define","decl":{"start":{"line":2,"column":0},"end":{"line":2,"column":26}},"loc":{"start":{"line":2,"column":0},"end":{"line":2,"column":26}},"line":2},"3":{"name":"define","decl":{"start":{"line":2,"column":0},"end":{"line":2,"column":26}},"loc":{"start":{"line":2,"column":0},"end":{"line":2,"column":26}},"line":2},"4":{"name":"wrap","decl":{"start":{"line":2,"column":0},"end":{"line":2,"column":26}},"loc":{"start":{"line":2,"column":0},"end":{"line":2,"column":26}},"line":2},"5":{"name":"tryCatch","decl":{"start":{"line":2,"column":0},"end":{"line":2,"column":26}},"loc":{"start":{"line":2,"column":0},"end":{"line":2,"column":26}},"line":2},"6":{"name":"Generator","decl":{"start":{"line":2,"column":0},"end":{"line":2,"column":26}},"loc":{"start":{"line":2,"column":0},"end":{"line":2,"column":26}},"line":2},"7":{"name":"GeneratorFunction","decl":{"start":{"line":2,"column":0},"end":{"line":2,"column":26}},"loc":{"start":{"line":2,"column":0},"end":{"line":2,"column":26}},"line":2},"8":{"name":"GeneratorFunctionPrototype","decl":{"start":{"line":2,"column":0},"end":{"line":2,"column":26}},"loc":{"start":{"line":2,"column":0},"end":{"line":2,"column":26}},"line":2},"9":{"name":"defineIteratorMethods","decl":{"start":{"line":2,"column":0},"end":{"line":2,"column":26}},"loc":{"start":{"line":2,"column":0},"end":{"line":2,"column":26}},"line":2},"10":{"name":"AsyncIterator","decl":{"start":{"line":2,"column":0},"end":{"line":2,"column":26}},"loc":{"start":{"line":2,"column":0},"end":{"line":2,"column":26}},"line":2},"11":{"name":"makeInvokeMethod","decl":{"start":{"line":2,"column":0},"end":{"line":2,"column":26}},"loc":{"start":{"line":2,"column":0},"end":{"line":2,"column":26}},"line":2},"12":{"name":"maybeInvokeDelegate","decl":{"start":{"line":2,"column":0},"end":{"line":2,"column":26}},"loc":{"start":{"line":2,"column":0},"end":{"line":2,"column":26}},"line":2},"13":{"name":"pushTryEntry","decl":{"start":{"line":2,"column":0},"end":{"line":2,"column":26}},"loc":{"start":{"line":2,"column":0},"end":{"line":2,"column":26}},"line":2},"14":{"name":"resetTryEntry","decl":{"start":{"line":2,"column":0},"end":{"line":2,"column":26}},"loc":{"start":{"line":2,"column":0},"end":{"line":2,"column":26}},"line":2},"15":{"name":"Context","decl":{"start":{"line":2,"column":0},"end":{"line":2,"column":26}},"loc":{"start":{"line":2,"column":0},"end":{"line":2,"column":26}},"line":2},"16":{"name":"values","decl":{"start":{"line":2,"column":0},"end":{"line":2,"column":26}},"loc":{"start":{"line":2,"column":0},"end":{"line":2,"column":26}},"line":2},"17":{"name":"next","decl":{"start":{"line":2,"column":0},"end":{"line":2,"column":26}},"loc":{"start":{"line":2,"column":0},"end":{"line":2,"column":26}},"line":2},"18":{"name":"e.isGeneratorFunction","decl":{"start":{"line":2,"column":0},"end":{"line":2,"column":26}},"loc":{"start":{"line":2,"column":0},"end":{"line":2,"column":26}},"line":2},"19":{"name":"e.mark","decl":{"start":{"line":2,"column":0},"end":{"line":2,"column":26}},"loc":{"start":{"line":2,"column":0},"end":{"line":2,"column":26}},"line":2},"20":{"name":"e.awrap","decl":{"start":{"line":2,"column":0},"end":{"line":2,"column":26}},"loc":{"start":{"line":2,"column":0},"end":{"line":2,"column":26}},"line":2},"21":{"name":"e.async","decl":{"start":{"line":2,"column":0},"end":{"line":2,"column":26}},"loc":{"start":{"line":2,"column":0},"end":{"line":2,"column":26}},"line":2},"22":{"name":"e.keys","decl":{"start":{"line":2,"column":0},"end":{"line":2,"column":26}},"loc":{"start":{"line":2,"column":0},"end":{"line":2,"column":26}},"line":2},"23":{"name":"reset","decl":{"start":{"line":2,"column":0},"end":{"line":2,"column":26}},"loc":{"start":{"line":2,"column":0},"end":{"line":2,"column":26}},"line":2},"24":{"name":"stop","decl":{"start":{"line":2,"column":0},"end":{"line":2,"column":26}},"loc":{"start":{"line":2,"column":0},"end":{"line":2,"column":26}},"line":2},"25":{"name":"dispatchException","decl":{"start":{"line":2,"column":0},"end":{"line":2,"column":26}},"loc":{"start":{"line":2,"column":0},"end":{"line":2,"column":26}},"line":2},"26":{"name":"abrupt","decl":{"start":{"line":2,"column":0},"end":{"line":2,"column":26}},"loc":{"start":{"line":2,"column":0},"end":{"line":2,"column":26}},"line":2},"27":{"name":"complete","decl":{"start":{"line":2,"column":0},"end":{"line":2,"column":26}},"loc":{"start":{"line":2,"column":0},"end":{"line":2,"column":26}},"line":2},"28":{"name":"finish","decl":{"start":{"line":2,"column":0},"end":{"line":2,"column":26}},"loc":{"start":{"line":2,"column":0},"end":{"line":2,"column":26}},"line":2},"29":{"name":"_catch","decl":{"start":{"line":2,"column":0},"end":{"line":2,"column":26}},"loc":{"start":{"line":2,"column":0},"end":{"line":2,"column":26}},"line":2},"30":{"name":"delegateYield","decl":{"start":{"line":2,"column":0},"end":{"line":2,"column":26}},"loc":{"start":{"line":2,"column":0},"end":{"line":2,"column":26}},"line":2},"31":{"name":"asyncGeneratorStep","decl":{"start":{"line":2,"column":0},"end":{"line":2,"column":26}},"loc":{"start":{"line":2,"column":0},"end":{"line":2,"column":26}},"line":2},"32":{"name":"_asyncToGenerator","decl":{"start":{"line":2,"column":0},"end":{"line":2,"column":26}},"loc":{"start":{"line":2,"column":0},"end":{"line":2,"column":26}},"line":2},"33":{"name":"_next","decl":{"start":{"line":2,"column":0},"end":{"line":2,"column":26}},"loc":{"start":{"line":2,"column":0},"end":{"line":2,"column":26}},"line":2},"34":{"name":"_throw","decl":{"start":{"line":2,"column":0},"end":{"line":2,"column":26}},"loc":{"start":{"line":2,"column":0},"end":{"line":2,"column":26}},"line":2},"35":{"name":"Logout","decl":{"start":{"line":3,"column":0},"end":{"line":18,"column":1}},"loc":{"start":{"line":3,"column":0},"end":{"line":18,"column":1}},"line":3},"36":{"name":"_callee","decl":{"start":{"line":4,"column":23},"end":{"line":8,"column":31}},"loc":{"start":{"line":4,"column":23},"end":{"line":8,"column":31}},"line":4},"37":{"name":"_callee$","decl":{"start":{"line":4,"column":23},"end":{"line":8,"column":31}},"loc":{"start":{"line":4,"column":23},"end":{"line":8,"column":31}},"line":4}},"f":{"0":1,"1":0,"2":13,"3":0,"4":1,"5":2,"6":0,"7":0,"8":0,"9":2,"10":0,"11":1,"12":0,"13":0,"14":1,"15":1,"16":1,"17":0,"18":0,"19":1,"20":0,"21":0,"22":0,"23":1,"24":1,"25":0,"26":0,"27":0,"28":0,"29":0,"30":0,"31":2,"32":1,"33":2,"34":0,"35":1,"36":1,"37":2}}
}
